2025-04-19 21:54:06 [INFO]: Launching the browser...
2025-04-19 21:54:10 [INFO]: Browser launched successfully.
2025-04-19 21:54:10 [INFO]: Navigating to the login page...
2025-04-19 21:54:15 [INFO]: Navigated to the login page.
2025-04-19 21:54:15 [INFO]: Filling contact information: testuser1, pass123, 19090, test@gmail.com
2025-04-19 21:54:16 [INFO]: Contact information filled successfully.
2025-04-19 21:54:16 [INFO]: Filling email information: pune,hinjewadi, pune, Maharashta, 411057, INDIA
2025-04-19 21:54:16 [INFO]: Email information filled successfully.
2025-04-19 21:54:16 [INFO]: Closing the browser...
2025-04-19 21:54:17 [INFO]: Browser closed successfully.
2025-04-20 20:13:58 [INFO]: Launching the browser...
2025-04-20 20:14:02 [INFO]: Browser launched successfully.
2025-04-20 20:14:02 [INFO]: Navigating to the login page...
2025-04-20 20:14:05 [INFO]: Navigated to the login page.
2025-04-20 20:14:05 [INFO]: Filling contact information: testuser1, pass123, 19090, test@gmail.com
2025-04-20 20:14:10 [INFO]: Closing the browser...
2025-04-20 20:14:11 [INFO]: Browser closed successfully.
2025-04-20 20:14:11 [INFO]: Filling email information: pune,hinjewadi, pune, Maharashta, 411057, INDIA
2025-04-20 20:14:11 [INFO]: Closing the browser...
2025-04-20 20:14:11 [INFO]: Browser closed successfully.
2025-04-20 20:16:59 [INFO]: Launching the browser...
2025-04-20 20:17:02 [INFO]: Browser launched successfully.
2025-04-20 20:17:02 [INFO]: Navigating to the login page...
2025-04-20 20:17:05 [INFO]: Navigated to the login page.
2025-04-20 20:17:06 [INFO]: Filling contact information: testuser1, pass123, 19090, test@gmail.com
2025-04-20 20:17:11 [INFO]: Closing the browser...
2025-04-20 20:17:12 [INFO]: Browser closed successfully.
2025-04-20 20:17:12 [INFO]: Filling email information: pune,hinjewadi, pune, Maharashta, 411057, INDIA
2025-04-20 20:17:12 [INFO]: Closing the browser...
2025-04-20 20:17:12 [INFO]: Browser closed successfully.
2025-04-20 20:18:51 [INFO]: Launching the browser...
2025-04-20 20:18:53 [INFO]: Browser launched successfully.
2025-04-20 20:18:53 [INFO]: Navigating to the login page...
2025-04-20 20:18:56 [INFO]: Navigated to the login page.
2025-04-20 20:18:56 [INFO]: Filling contact information: testuser1, pass123, 19090, test@gmail.com
2025-04-20 20:19:01 [INFO]: Closing the browser...
2025-04-20 20:19:03 [INFO]: Browser closed successfully.
2025-04-20 20:19:03 [INFO]: Filling email information: pune,hinjewadi, pune, Maharashta, 411057, INDIA
2025-04-20 20:19:03 [INFO]: Closing the browser...
2025-04-20 20:19:03 [INFO]: Browser closed successfully.
2025-04-20 20:25:57 [INFO]: Launching the browser...
2025-04-20 20:25:59 [INFO]: Browser launched successfully.
2025-04-20 20:25:59 [INFO]: Navigating to the login page...
2025-04-20 20:26:03 [INFO]: Navigated to the login page.
2025-04-20 20:26:03 [INFO]: Filling contact information: testuser1, pass123, 19090, test@gmail.com
2025-04-20 20:26:08 [INFO]: Closing the browser...
2025-04-20 20:26:09 [INFO]: Browser closed successfully.
2025-04-20 20:26:09 [INFO]: Filling email information: pune,hinjewadi, pune, Maharashta, 411057, INDIA
2025-04-20 20:26:09 [INFO]: Closing the browser...
2025-04-20 20:26:09 [INFO]: Browser closed successfully.
2025-04-20 20:26:09 [INFO]: Filling user information: neelam123, test123
2025-04-20 20:26:09 [INFO]: Closing the browser...
2025-04-20 20:26:09 [INFO]: Browser closed successfully.
2025-04-20 20:28:20 [INFO]: Launching the browser...
2025-04-20 20:28:23 [INFO]: Browser launched successfully.
2025-04-20 20:28:24 [INFO]: Navigating to the login page...
2025-04-20 20:28:27 [INFO]: Navigated to the login page.
2025-04-20 20:28:27 [INFO]: Filling contact information: testuser1, pass123, 19090, test@gmail.com
2025-04-20 20:28:32 [INFO]: Closing the browser...
2025-04-20 20:28:33 [INFO]: Browser closed successfully.
2025-04-20 20:28:33 [INFO]: Filling email information: pune,hinjewadi, pune, Maharashta, 411057, INDIA
2025-04-20 20:28:33 [INFO]: Closing the browser...
2025-04-20 20:28:33 [INFO]: Browser closed successfully.
2025-04-20 20:28:33 [INFO]: Filling user information: neelam123, test123
2025-04-20 20:28:33 [INFO]: Closing the browser...
2025-04-20 20:28:33 [INFO]: Browser closed successfully.
2025-04-20 20:28:48 [INFO]: Launching the browser...
2025-04-20 20:28:50 [INFO]: Browser launched successfully.
2025-04-20 20:28:50 [INFO]: Navigating to the login page...
2025-04-20 20:28:53 [INFO]: Navigated to the login page.
2025-04-20 20:28:53 [INFO]: Filling contact information: testuser1, pass123, 19090, test@gmail.com
2025-04-20 20:28:58 [INFO]: Closing the browser...
2025-04-20 20:29:01 [INFO]: Browser closed successfully.
2025-04-20 20:29:01 [INFO]: Filling email information: pune,hinjewadi, pune, Maharashta, 411057, INDIA
2025-04-20 20:29:01 [INFO]: Closing the browser...
2025-04-20 20:29:01 [INFO]: Browser closed successfully.
2025-04-20 20:29:01 [INFO]: Filling user information: neelam123, test123
2025-04-20 20:29:02 [INFO]: Closing the browser...
2025-04-20 20:29:02 [INFO]: Browser closed successfully.
2025-04-20 20:29:19 [INFO]: Launching the browser...
2025-04-20 20:29:23 [INFO]: Browser launched successfully.
2025-04-20 20:29:23 [INFO]: Navigating to the login page...
2025-04-20 20:29:26 [INFO]: Navigated to the login page.
2025-04-20 20:29:26 [INFO]: Filling contact information: testuser1, pass123, 19090, test@gmail.com
2025-04-20 20:29:26 [INFO]: Contact information filled successfully.
2025-04-20 20:29:27 [INFO]: Closing the browser...
2025-04-20 20:29:28 [INFO]: Browser closed successfully.
2025-04-20 20:29:28 [INFO]: Filling email information: pune,hinjewadi, pune, Maharashta, 411057, INDIA
2025-04-20 20:29:28 [INFO]: Closing the browser...
2025-04-20 20:29:28 [INFO]: Browser closed successfully.
2025-04-20 20:29:28 [INFO]: Filling user information: neelam123, test123
2025-04-20 20:29:28 [INFO]: Closing the browser...
2025-04-20 20:29:28 [INFO]: Browser closed successfully.
2025-04-20 20:29:54 [INFO]: Launching the browser...
2025-04-20 20:29:57 [INFO]: Browser launched successfully.
2025-04-20 20:29:57 [INFO]: Navigating to the login page...
2025-04-20 20:29:59 [INFO]: Navigated to the login page.
2025-04-20 20:29:59 [INFO]: Filling contact information: testuser1, pass123, 19090, test@gmail.com
2025-04-20 20:30:00 [INFO]: Contact information filled successfully.
2025-04-20 20:30:00 [INFO]: Closing the browser...
2025-04-20 20:30:01 [INFO]: Browser closed successfully.
2025-04-20 20:30:01 [INFO]: Filling email information: hinjewadi, pune, Maharashta, 411057, INDIA
2025-04-20 20:30:01 [INFO]: Closing the browser...
2025-04-20 20:30:01 [INFO]: Browser closed successfully.
2025-04-20 20:30:01 [INFO]: Filling user information: neelam123, test123
2025-04-20 20:30:01 [INFO]: Closing the browser...
2025-04-20 20:30:01 [INFO]: Browser closed successfully.
2025-04-20 20:30:33 [INFO]: Launching the browser...
2025-04-20 20:30:35 [INFO]: Browser launched successfully.
2025-04-20 20:30:35 [INFO]: Navigating to the login page...
2025-04-20 20:30:38 [INFO]: Navigated to the login page.
2025-04-20 20:30:38 [INFO]: Filling contact information: testuser1, pass123, 19090, test@gmail.com
2025-04-20 20:30:38 [INFO]: Contact information filled successfully.
2025-04-20 20:30:38 [INFO]: Filling email information: hinjewadi, pune, Maharashta, 411057, INDIA
2025-04-20 20:30:39 [INFO]: Email information filled successfully.
2025-04-20 20:30:39 [INFO]: Filling user information: neelam123, test123
2025-04-20 20:55:59 [INFO]: Launching the browser...
2025-04-20 20:56:02 [INFO]: Browser launched successfully.
2025-04-20 20:56:02 [INFO]: Navigating to the login page...
2025-04-20 20:56:05 [INFO]: Navigated to the login page.
2025-04-20 20:56:05 [INFO]: Filling contact information: testuser1, pass123, 19090, test@gmail.com
2025-04-20 20:56:06 [INFO]: Contact information filled successfully.
2025-04-20 20:56:06 [INFO]: Filling email information: hinjewadi, pune, Maharashta, 411057, INDIA
2025-04-20 20:56:06 [INFO]: Email information filled successfully.
2025-04-20 20:56:06 [INFO]: Filling user information: neelam123, test123
2025-04-20 20:56:11 [INFO]: Closing the browser...
2025-04-20 20:57:08 [INFO]: Launching the browser...
2025-04-20 20:57:13 [INFO]: Browser launched successfully.
2025-04-20 20:57:13 [INFO]: Navigating to the login page...
2025-04-20 20:57:15 [INFO]: Navigated to the login page.
2025-04-20 20:57:16 [INFO]: Filling contact information: testuser1, pass123, 19090, test@gmail.com
2025-04-20 20:57:16 [INFO]: Contact information filled successfully.
2025-04-20 20:57:16 [INFO]: Filling email information: hinjewadi, pune, Maharashta, 411057, INDIA
2025-04-20 20:57:16 [INFO]: Email information filled successfully.
2025-04-20 20:57:17 [INFO]: Filling user information: neelam123, test123
2025-04-20 20:59:32 [INFO]: Launching the browser...
2025-04-20 20:59:36 [INFO]: Browser launched successfully.
2025-04-20 20:59:36 [INFO]: Navigating to the login page...
2025-04-20 20:59:38 [INFO]: Navigated to the login page.
2025-04-20 20:59:38 [INFO]: Filling contact information: testuser1, pass123, 19090, test@gmail.com
2025-04-20 20:59:39 [INFO]: Contact information filled successfully.
2025-04-20 20:59:39 [INFO]: Filling email information: hinjewadi, pune, Maharashta, 411057, INDIA
2025-04-20 20:59:39 [INFO]: Email information filled successfully.
2025-04-20 20:59:39 [INFO]: Filling user information: neelam123, test123
2025-04-20 21:09:50 [INFO]: Launching the browser...
2025-04-20 21:09:52 [INFO]: Browser launched successfully.
2025-04-20 21:09:53 [INFO]: Navigating to the login page...
2025-04-20 21:09:55 [INFO]: Navigated to the login page.
2025-04-20 21:09:55 [INFO]: Filling contact information: testuser1, pass123, 19090, test@gmail.com
2025-04-20 21:09:55 [INFO]: Contact information filled successfully.
2025-04-20 21:09:55 [INFO]: Filling email information: hinjewadi, pune, Maharashta, 411057, INDIA
2025-04-20 21:09:55 [INFO]: Email information filled successfully.
2025-04-20 21:09:55 [INFO]: Filling user information: neelam123, test123
2025-04-20 21:15:38 [INFO]: Launching the browser...
2025-04-20 21:15:40 [INFO]: Browser launched successfully.
2025-04-20 21:15:41 [INFO]: Navigating to the login page...
2025-04-20 21:15:43 [INFO]: Navigated to the login page.
2025-04-20 21:15:43 [INFO]: Filling contact information: testuser1, pass123, 19090, test@gmail.com
2025-04-20 21:15:44 [INFO]: Contact information filled successfully.
2025-04-20 21:15:44 [INFO]: Filling email information: hinjewadi, pune, Maharashta, 411057, INDIA
2025-04-20 21:15:44 [INFO]: Email information filled successfully.
2025-04-20 21:15:44 [INFO]: Filling user information: neelam123, test123
2025-04-20 21:15:45 [INFO]: clicked the submit button
2025-04-20 21:18:11 [INFO]: Launching the browser...
2025-04-20 21:18:12 [INFO]: Browser launched successfully.
2025-04-20 21:18:12 [INFO]: Navigating to the login page...
2025-04-20 21:18:15 [INFO]: Navigated to the login page.
2025-04-20 21:18:15 [INFO]: Filling contact information: testuser1, pass123, 19090, test@gmail.com
2025-04-20 21:18:15 [INFO]: Contact information filled successfully.
2025-04-20 21:18:15 [INFO]: Filling email information: hinjewadi, pune, Maharashta, 411057, INDIA
2025-04-20 21:18:16 [INFO]: Email information filled successfully.
2025-04-20 21:18:16 [INFO]: Filling user information: neelam123, test123
2025-04-20 21:18:17 [INFO]: clicked the submit button
2025-04-20 21:21:48 [INFO]: Launching the browser...
2025-04-20 21:23:46 [INFO]: Launching the browser...
2025-04-20 21:23:50 [INFO]: Browser launched successfully.
2025-04-20 21:23:50 [INFO]: Navigating to the login page...
2025-04-20 21:23:52 [INFO]: Navigated to the login page.
2025-04-20 21:23:52 [INFO]: Filling contact information: testuser1, pass123, 19090, test@gmail.com
2025-04-20 21:23:53 [INFO]: Contact information filled successfully.
2025-04-20 21:23:53 [INFO]: Filling email information: hinjewadi, pune, Maharashta, 411057, INDIA
2025-04-20 21:23:53 [INFO]: Email information filled successfully.
2025-04-20 21:23:53 [INFO]: Filling user information: neelam123, test123
2025-04-20 21:23:55 [INFO]: clicked the submit button
2025-04-20 21:24:35 [INFO]: Launching the browser...
2025-04-20 21:24:38 [INFO]: Browser launched successfully.
2025-04-20 21:24:38 [INFO]: Navigating to the login page...
2025-04-20 21:24:40 [INFO]: Navigated to the login page.
2025-04-20 21:24:40 [INFO]: Filling contact information: testuser1, pass123, 19090, test@gmail.com
2025-04-20 21:24:41 [INFO]: Contact information filled successfully.
2025-04-20 21:24:41 [INFO]: Filling email information: hinjewadi, pune, Maharashta, 411057, INDIA
2025-04-20 21:24:41 [INFO]: Email information filled successfully.
2025-04-20 21:24:41 [INFO]: Filling user information: neelam123, test123
2025-04-20 21:24:43 [INFO]: clicked the submit button
2025-04-20 21:25:11 [INFO]: Launching the browser...
2025-04-20 21:25:14 [INFO]: Browser launched successfully.
2025-04-20 21:25:14 [INFO]: Navigating to the login page...
2025-04-20 21:25:16 [INFO]: Navigated to the login page.
2025-04-20 21:25:16 [INFO]: Filling contact information: testuser1, pass123, 19090, test@gmail.com
2025-04-20 21:25:17 [INFO]: Contact information filled successfully.
2025-04-20 21:25:17 [INFO]: Filling email information: hinjewadi, pune, Maharashta, 411057, INDIA
2025-04-20 21:25:17 [INFO]: Email information filled successfully.
2025-04-20 21:25:17 [INFO]: Filling user information: neelam123, test123
2025-04-20 21:25:18 [INFO]: clicked the submit button
2025-04-20 21:26:28 [INFO]: Launching the browser...
2025-04-20 21:26:31 [INFO]: Browser launched successfully.
2025-04-20 21:26:31 [INFO]: Navigating to the login page...
2025-04-20 21:26:33 [INFO]: Navigated to the login page.
2025-04-20 21:26:33 [INFO]: Filling contact information: testuser1, pass123, 19090, test@gmail.com
2025-04-20 21:26:34 [INFO]: Contact information filled successfully.
2025-04-20 21:26:34 [INFO]: Filling email information: hinjewadi, pune, Maharashta, 411057, INDIA
2025-04-20 21:26:34 [INFO]: Email information filled successfully.
2025-04-20 21:29:50 [INFO]: Launching the browser...
2025-04-20 21:29:52 [INFO]: Browser launched successfully.
2025-04-20 21:29:52 [INFO]: Navigating to the login page...
2025-04-20 21:29:55 [INFO]: Navigated to the login page.
2025-04-20 21:29:55 [INFO]: Filling contact information: testuser1, pass123, 19090, test@gmail.com
2025-04-20 21:29:55 [INFO]: Contact information filled successfully.
2025-04-20 21:29:55 [INFO]: Filling email information: hinjewadi, pune, Maharashta, 411057, INDIA
2025-04-20 21:29:55 [INFO]: Email information filled successfully.
2025-04-20 21:29:55 [INFO]: Filling user information: neelam123, test123
2025-04-20 21:29:56 [INFO]: clicked the submit button
2025-04-20 21:29:57 [INFO]: Fetched username data:  Note: Your user name is neelam123.
2025-04-20 21:37:19 [INFO]: Launching the browser...
2025-04-20 21:37:22 [INFO]: Browser launched successfully.
2025-04-20 21:37:22 [INFO]: Navigating to the login page...
2025-04-20 21:37:25 [INFO]: Navigated to the login page.
2025-04-20 21:37:25 [INFO]: Filling contact information: testuser1, pass123, 19090, test@gmail.com
2025-04-20 21:37:25 [INFO]: Contact information filled successfully.
2025-04-20 21:37:25 [INFO]: Filling email information: hinjewadi, pune, Maharashta, 411057, INDIA
2025-04-20 21:37:25 [INFO]: Email information filled successfully.
2025-04-20 21:37:25 [INFO]: Filling user information: neelam123, test123
2025-04-20 21:37:26 [INFO]: clicked the submit button
2025-04-20 21:37:26 [INFO]: Fetched username data:  Note: Your user name is neelam123.
2025-04-20 21:39:12 [INFO]: Launching the browser...
2025-04-20 21:39:15 [INFO]: Browser launched successfully.
2025-04-20 21:39:15 [INFO]: Navigating to the login page...
2025-04-20 21:39:18 [INFO]: Navigated to the login page.
2025-04-20 21:39:18 [INFO]: Filling contact information: testuser1, pass123, 19090, test@gmail.com
2025-04-20 21:39:18 [INFO]: Contact information filled successfully.
2025-04-20 21:39:18 [INFO]: Filling email information: hinjewadi, pune, Maharashta, 411057, INDIA
2025-04-20 21:39:18 [INFO]: Email information filled successfully.
2025-04-20 21:39:18 [INFO]: Filling user information: neelam123, test123
2025-04-20 21:39:20 [INFO]: clicked the submit button
2025-04-20 21:39:20 [INFO]: Fetched username data:  Note: Your user name is neelam123.
2025-04-20 21:39:20 [INFO]: Closing the browser...
2025-04-20 21:39:21 [INFO]: Browser closed successfully.
2025-04-20 21:46:21 [INFO]: Launching the browser...
2025-04-20 21:46:25 [INFO]: Browser launched successfully.
2025-04-20 21:46:25 [INFO]: Navigating to the login page...
2025-04-20 21:46:27 [INFO]: Navigated to the login page.
2025-04-20 21:46:28 [INFO]: Filling contact information: testuser1, pass123, 19090, test@gmail.com
2025-04-20 21:46:28 [INFO]: Contact information filled successfully.
2025-04-20 21:46:28 [INFO]: Filling email information: hinjewadi, pune, Maharashta, 411057, INDIA
2025-04-20 21:46:28 [INFO]: Email information filled successfully.
2025-04-20 21:46:28 [INFO]: Filling user information: neelam123, test123
2025-04-20 21:46:30 [INFO]: clicked the submit button
2025-04-20 21:46:30 [INFO]: Fetched username data:  Note: Your user name is neelam123.
2025-04-20 21:46:30 [INFO]: Closing the browser...
2025-04-20 21:46:31 [INFO]: Browser closed successfully.
2025-04-27 20:55:16 [INFO]: Launching the browser...
2025-04-27 20:55:21 [INFO]: Browser launched successfully.
2025-04-27 20:55:21 [INFO]: Navigating to the login page...
2025-04-27 20:55:23 [INFO]: Navigated to the login page.
2025-04-27 20:55:23 [INFO]: Filling contact information: testuser1, pass123, 19090, test@gmail.com
2025-04-27 20:55:23 [INFO]: Contact information filled successfully.
2025-04-27 20:55:23 [INFO]: Filling email information: hinjewadi, pune, Maharashta, 411057, INDIA
2025-04-27 20:55:23 [INFO]: Email information filled successfully.
2025-04-27 20:55:23 [INFO]: Filling user information: neelam123, test123
2025-04-27 20:55:24 [INFO]: clicked the submit button
2025-04-27 20:55:24 [INFO]: Fetched username data:  Note: Your user name is neelam123.
2025-04-27 20:55:24 [INFO]: Closing the browser...
2025-04-27 20:55:26 [INFO]: Browser closed successfully.
2025-04-27 20:56:09 [INFO]: Launching the browser...
2025-04-27 20:56:11 [INFO]: Browser launched successfully.
2025-04-27 20:56:11 [INFO]: Navigating to the login page...
2025-04-27 20:56:14 [INFO]: Navigated to the login page.
2025-04-27 20:56:14 [INFO]: Filling contact information: testuser1, pass123, 19090, test@gmail.com
2025-04-27 20:56:14 [INFO]: Contact information filled successfully.
2025-04-27 20:56:14 [INFO]: Filling email information: hinjewadi, pune, Maharashta, 411057, INDIA
2025-04-27 20:56:14 [INFO]: Email information filled successfully.
2025-04-27 20:56:14 [INFO]: Filling user information: neelam123, test123
2025-04-27 20:56:15 [INFO]: clicked the submit button
2025-04-27 20:56:15 [INFO]: Fetched username data:  Note: Your user name is neelam123.
2025-04-27 20:56:15 [INFO]: Closing the browser...
2025-04-27 20:56:16 [INFO]: Browser closed successfully.
2025-04-27 20:57:19 [INFO]: Launching the browser...
2025-04-27 20:57:23 [INFO]: Browser launched successfully.
2025-04-27 20:57:23 [INFO]: Navigating to the login page...
2025-04-27 20:57:26 [INFO]: Navigated to the login page.
2025-04-27 20:57:26 [INFO]: Filling contact information: testuser1, pass123, 19090, test@gmail.com
2025-04-27 20:57:27 [INFO]: Contact information filled successfully.
2025-04-27 20:57:27 [INFO]: Filling email information: hinjewadi, pune, Maharashta, 411057, INDIA
2025-04-27 20:57:27 [INFO]: Email information filled successfully.
2025-04-27 20:57:27 [INFO]: Filling user information: neelam123, test123
2025-04-27 20:57:28 [INFO]: clicked the submit button
2025-04-27 20:57:28 [INFO]: Fetched username data:  Note: Your user name is neelam123.
2025-04-27 20:57:28 [INFO]: Closing the browser...
2025-04-27 20:57:29 [INFO]: Browser closed successfully.
2025-04-27 21:18:34 [INFO]: Launching the browser...
2025-04-27 21:18:37 [INFO]: Browser launched successfully.
2025-04-27 21:18:37 [INFO]: Launching the browser...
2025-04-27 21:18:40 [INFO]: Browser launched successfully.
2025-04-27 21:18:40 [INFO]: Navigating to the login page...
2025-04-27 21:18:43 [INFO]: Navigated to the login page.
2025-04-27 21:18:43 [INFO]: Navigating to the login page...
2025-04-27 21:18:45 [INFO]: Navigated to the login page.
2025-04-27 21:18:46 [INFO]: Filling contact information: testuser1, pass123, 19090, test@gmail.com
2025-04-27 21:18:46 [INFO]: Contact information filled successfully.
2025-04-27 21:18:46 [INFO]: Filling email information: hinjewadi, pune, Maharashta, 411057, INDIA
2025-04-27 21:18:46 [INFO]: Email information filled successfully.
2025-04-27 21:18:46 [INFO]: Filling user information: neelam123, test123
2025-04-27 21:18:47 [INFO]: clicked the submit button
2025-04-27 21:18:48 [INFO]: Fetched username data:  Note: Your user name is neelam123.
2025-04-27 21:18:48 [INFO]: Closing the browser...
2025-04-27 21:18:49 [INFO]: Browser closed successfully.
2025-04-27 21:18:49 [INFO]: Closing the browser...
2025-04-27 21:18:49 [INFO]: Browser closed successfully.
2025-04-27 21:29:11 [INFO]: Launching the browser...
2025-04-27 21:29:14 [INFO]: Browser launched successfully.
2025-04-27 21:29:15 [INFO]: Launching the browser...
2025-04-27 21:29:17 [INFO]: Browser launched successfully.
2025-04-27 21:29:17 [INFO]: Navigating to the login page...
2025-04-27 21:29:20 [INFO]: Navigated to the login page.
2025-04-27 21:29:20 [INFO]: Navigating to the login page...
2025-04-27 21:29:21 [INFO]: Navigated to the login page.
2025-04-27 21:29:21 [INFO]: Filling contact information: testuser1, pass123, 19090, test@gmail.com
2025-04-27 21:29:22 [INFO]: Contact information filled successfully.
2025-04-27 21:29:22 [INFO]: Filling email information: hinjewadi, pune, Maharashta, 411057, INDIA
2025-04-27 21:29:22 [INFO]: Email information filled successfully.
2025-04-27 21:29:23 [INFO]: Filling user information: neelam123, test123
2025-04-27 21:29:24 [INFO]: clicked the submit button
2025-04-27 21:29:24 [INFO]: Fetched username data:  Note: Your user name is neelam123.
2025-04-27 21:29:24 [INFO]: Closing the browser...
2025-04-27 21:29:25 [INFO]: Browser closed successfully.
2025-04-27 21:29:25 [INFO]: Closing the browser...
2025-04-27 21:29:25 [INFO]: Browser closed successfully.
2025-04-27 21:31:02 [INFO]: Launching the browser...
2025-04-27 21:31:05 [INFO]: Browser launched successfully.
2025-04-27 21:31:05 [INFO]: Launching the browser...
2025-04-27 21:31:07 [INFO]: Browser launched successfully.
2025-04-27 21:31:07 [INFO]: Navigating to the login page...
2025-04-27 21:31:11 [INFO]: Navigated to the login page.
2025-04-27 21:31:12 [INFO]: Navigating to the login page...
2025-04-27 21:31:13 [INFO]: Navigated to the login page.
2025-04-27 21:31:13 [INFO]: Filling contact information: testuser1, pass123, 19090, test@gmail.com
2025-04-27 21:31:14 [INFO]: Contact information filled successfully.
2025-04-27 21:31:14 [INFO]: Filling email information: hinjewadi, pune, Maharashta, 411057, INDIA
2025-04-27 21:31:14 [INFO]: Email information filled successfully.
2025-04-27 21:31:14 [INFO]: Filling user information: neelam123, test123
2025-04-27 21:31:15 [INFO]: clicked the submit button
2025-04-27 21:31:15 [INFO]: Fetched username data:  Note: Your user name is neelam123.
2025-04-27 21:31:15 [INFO]: Closing the browser...
2025-04-27 21:31:17 [INFO]: Browser closed successfully.
2025-04-27 21:31:17 [INFO]: Closing the browser...
2025-04-27 21:31:17 [INFO]: Browser closed successfully.
2025-04-27 21:33:22 [INFO]: Launching the browser...
2025-04-27 21:33:26 [INFO]: Browser launched successfully.
2025-04-27 21:33:26 [INFO]: Launching the browser...
2025-04-27 21:33:29 [INFO]: Browser launched successfully.
2025-04-27 21:33:29 [INFO]: Navigating to the login page...
2025-04-27 21:33:32 [INFO]: Navigated to the login page.
2025-04-27 21:33:35 [INFO]: Navigating to the login page...
2025-04-27 21:33:36 [INFO]: Navigated to the login page.
2025-04-27 21:33:36 [INFO]: Filling contact information: testuser1, pass123, 19090, test@gmail.com
2025-04-27 21:33:37 [INFO]: Contact information filled successfully.
2025-04-27 21:33:37 [INFO]: Filling email information: hinjewadi, pune, Maharashta, 411057, INDIA
2025-04-27 21:33:37 [INFO]: Email information filled successfully.
2025-04-27 21:33:37 [INFO]: Filling user information: neelam123, test123
2025-04-27 21:33:39 [INFO]: clicked the submit button
2025-04-27 21:33:39 [INFO]: Fetched username data:  Note: Your user name is neelam123.
2025-04-27 21:33:39 [INFO]: Closing the browser...
2025-04-27 21:33:40 [INFO]: Browser closed successfully.
2025-04-27 21:33:40 [INFO]: Closing the browser...
2025-04-27 21:33:40 [INFO]: Browser closed successfully.
2025-04-27 21:37:58 [INFO]: Launching the browser...
2025-04-27 21:38:01 [INFO]: Browser launched successfully.
2025-04-27 21:38:01 [INFO]: Launching the browser...
2025-04-27 21:38:04 [INFO]: Browser launched successfully.
2025-04-27 21:38:04 [INFO]: Navigating to the login page...
2025-04-27 21:38:07 [INFO]: Navigated to the login page.
2025-04-27 21:38:07 [INFO]: Navigating to the login page...
2025-04-27 21:38:09 [INFO]: Navigated to the login page.
2025-04-27 21:38:09 [INFO]: Filling contact information: testuser1, pass123, 19090, test@gmail.com
2025-04-27 21:38:09 [INFO]: Contact information filled successfully.
2025-04-27 21:38:09 [INFO]: Filling email information: hinjewadi, pune, Maharashta, 411057, INDIA
2025-04-27 21:38:10 [INFO]: Email information filled successfully.
2025-04-27 21:38:10 [INFO]: Filling user information: neelam123, test123
2025-04-27 21:38:11 [INFO]: clicked the submit button
2025-04-27 21:38:11 [INFO]: Fetched username data:  Note: Your user name is neelam123.
2025-04-27 21:38:11 [INFO]: Closing the browser...
2025-04-27 21:38:12 [INFO]: Browser closed successfully.
2025-04-27 21:38:12 [INFO]: Closing the browser...
2025-04-27 21:38:12 [INFO]: Browser closed successfully.
2025-04-27 21:39:17 [INFO]: Launching the browser...
2025-04-27 21:39:19 [INFO]: Browser launched successfully.
2025-04-27 21:39:19 [INFO]: Launching the browser...
2025-04-27 21:39:21 [INFO]: Browser launched successfully.
2025-04-27 21:39:21 [INFO]: Navigating to the login page...
2025-04-27 21:39:24 [INFO]: Navigated to the login page.
2025-04-27 21:39:24 [INFO]: Navigating to the login page...
2025-04-27 21:39:25 [INFO]: Navigated to the login page.
2025-04-27 21:39:25 [INFO]: Filling contact information: testuser1, pass123, 19090, test@gmail.com
2025-04-27 21:39:26 [INFO]: Contact information filled successfully.
2025-04-27 21:39:26 [INFO]: Filling email information: hinjewadi, pune, Maharashta, 411057, INDIA
2025-04-27 21:39:26 [INFO]: Email information filled successfully.
2025-04-27 21:39:26 [INFO]: Filling user information: neelam123, test123
2025-04-27 21:39:27 [INFO]: clicked the submit button
2025-04-27 21:39:27 [INFO]: Fetched username data:  Note: Your user name is neelam123.
2025-04-27 21:39:27 [INFO]: Closing the browser...
2025-04-27 21:39:28 [INFO]: Browser closed successfully.
2025-04-27 21:39:28 [INFO]: Closing the browser...
2025-04-27 21:39:28 [INFO]: Browser closed successfully.
2025-04-27 21:45:44 [INFO]: Launching the browser...
2025-04-27 21:45:47 [INFO]: Browser launched successfully.
2025-04-27 21:45:47 [INFO]: Launching the browser...
2025-04-27 21:45:51 [INFO]: Browser launched successfully.
2025-04-27 21:45:51 [INFO]: Navigating to the login page...
2025-04-27 21:45:53 [INFO]: Navigated to the login page.
2025-04-27 21:45:55 [INFO]: Navigating to the login page...
2025-04-27 21:45:56 [INFO]: Navigated to the login page.
2025-04-27 21:45:56 [INFO]: Filling contact information: testuser1, pass123, 19090, test@gmail.com
2025-04-27 21:45:57 [INFO]: Contact information filled successfully.
2025-04-27 21:45:57 [INFO]: Filling email information: hinjewadi, pune, Maharashta, 411057, INDIA
2025-04-27 21:45:57 [INFO]: Email information filled successfully.
2025-04-27 21:45:57 [INFO]: Filling user information: neelam123, test123
2025-04-27 21:45:58 [INFO]: clicked the submit button
2025-04-27 21:45:58 [INFO]: Fetched username data:  Note: Your user name is neelam123.
2025-04-27 21:45:58 [INFO]: Closing the browser...
2025-04-27 21:45:59 [INFO]: Browser closed successfully.
2025-04-27 21:45:59 [INFO]: Closing the browser...
2025-04-27 21:45:59 [INFO]: Browser closed successfully.
2025-04-27 21:49:04 [INFO]: Launching the browser...
2025-04-27 21:49:07 [INFO]: Browser launched successfully.
2025-04-27 21:49:07 [INFO]: Launching the browser...
2025-04-27 21:49:09 [INFO]: Browser launched successfully.
2025-04-27 21:49:09 [INFO]: Navigating to the login page...
2025-04-27 21:49:12 [INFO]: Navigated to the login page.
2025-04-27 21:49:16 [INFO]: Navigating to the login page...
2025-04-27 21:49:17 [INFO]: Navigated to the login page.
2025-04-27 21:49:17 [INFO]: Filling contact information: testuser1, pass123, 19090, test@gmail.com
2025-04-27 21:49:18 [INFO]: Contact information filled successfully.
2025-04-27 21:49:18 [INFO]: Filling email information: hinjewadi, pune, Maharashta, 411057, INDIA
2025-04-27 21:49:18 [INFO]: Email information filled successfully.
2025-04-27 21:49:18 [INFO]: Filling user information: neelam123, test123
2025-04-27 21:49:19 [INFO]: clicked the submit button
2025-04-27 21:49:19 [INFO]: Fetched username data:  Note: Your user name is neelam123.
2025-04-27 21:49:19 [INFO]: Closing the browser...
2025-04-27 21:49:21 [INFO]: Browser closed successfully.
2025-04-27 21:49:21 [INFO]: Closing the browser...
2025-04-27 21:49:21 [INFO]: Browser closed successfully.
2025-05-04 20:51:39 [INFO]: Launching the browser...
2025-05-04 20:52:02 [INFO]: Launching the browser...
2025-05-04 20:52:05 [INFO]: Browser launched successfully.
2025-05-04 20:52:06 [INFO]: Launching the browser...
2025-05-04 20:52:08 [INFO]: Browser launched successfully.
2025-05-04 20:52:09 [INFO]: Navigating to the login page...
2025-05-04 20:52:14 [INFO]: Navigating to the login page...
2025-05-04 20:52:17 [INFO]: Navigated to the login page.
2025-05-04 20:52:17 [INFO]: Navigated to the login page.
2025-05-04 20:52:17 [INFO]: Filling contact information: testuser1, pass123, 19090, test@gmail.com
2025-05-04 20:52:18 [INFO]: Contact information filled successfully.
2025-05-04 20:52:18 [INFO]: Filling email information: hinjewadi, pune, Maharashta, 411057, INDIA
2025-05-04 20:52:18 [INFO]: Email information filled successfully.
2025-05-04 20:52:18 [INFO]: Filling user information: neelam123, test123
2025-05-04 20:52:20 [INFO]: clicked the submit button
2025-05-04 20:52:20 [INFO]: Fetched username data:  Note: Your user name is neelam123.
2025-05-04 20:52:20 [INFO]: Closing the browser...
2025-05-04 20:52:21 [INFO]: Browser closed successfully.
2025-05-04 20:52:21 [INFO]: Closing the browser...
2025-05-04 20:52:21 [INFO]: Browser closed successfully.
2025-05-04 20:56:24 [INFO]: Launching the browser...
2025-05-04 20:56:27 [INFO]: Browser launched successfully.
2025-05-04 20:56:27 [INFO]: Launching the browser...
2025-05-04 20:56:30 [INFO]: Browser launched successfully.
2025-05-04 20:56:30 [INFO]: Navigating to the login page...
2025-05-04 20:56:35 [INFO]: Navigated to the login page.
2025-05-04 20:56:37 [INFO]: Navigating to the login page...
2025-05-04 20:56:39 [INFO]: Navigated to the login page.
2025-05-04 20:56:39 [INFO]: Filling contact information: testuser1, pass123, 19090, test@gmail.com
2025-05-04 20:56:39 [INFO]: Contact information filled successfully.
2025-05-04 20:56:39 [INFO]: Filling email information: hinjewadi, pune, Maharashta, 411057, INDIA
2025-05-04 20:56:40 [INFO]: Email information filled successfully.
2025-05-04 20:56:40 [INFO]: Filling user information: neelam123, test123
2025-05-04 20:56:45 [INFO]: Closing the browser...
2025-05-04 20:56:46 [INFO]: Browser closed successfully.
2025-05-04 20:56:46 [INFO]: Closing the browser...
2025-05-04 20:56:46 [INFO]: Browser closed successfully.
2025-05-04 21:11:18 [INFO]: Launching the browser...
2025-05-04 21:11:21 [INFO]: Browser launched successfully.
2025-05-04 21:11:21 [INFO]: Launching the browser...
2025-05-04 21:11:24 [INFO]: Browser launched successfully.
2025-05-04 21:11:24 [INFO]: Navigating to the login page...
2025-05-04 21:11:28 [INFO]: Navigated to the login page.
2025-05-04 21:11:31 [INFO]: Navigating to the login page...
2025-05-04 21:11:33 [INFO]: Navigated to the login page.
2025-05-04 21:11:33 [INFO]: Filling email information: hinjewadi, pune, Maharashta, 411057, INDIA
2025-05-04 21:11:33 [INFO]: Filling user information: neelam123, test123
2025-05-04 21:11:34 [INFO]: Email information filled successfully.
2025-05-04 21:11:38 [INFO]: Closing the browser...
2025-05-04 21:11:39 [INFO]: Browser closed successfully.
2025-05-04 21:11:39 [INFO]: Closing the browser...
2025-05-04 21:11:39 [INFO]: Browser closed successfully.
2025-05-04 21:25:48 [INFO]: Launching the browser...
2025-05-04 21:25:52 [INFO]: Browser launched successfully.
2025-05-04 21:25:52 [INFO]: Launching the browser...
2025-05-04 21:25:54 [INFO]: Browser launched successfully.
2025-05-04 21:25:55 [INFO]: Navigating to the login page...
2025-05-04 21:25:58 [INFO]: Navigated to the login page.
2025-05-04 21:26:00 [INFO]: Navigating to the login page...
2025-05-04 21:26:01 [INFO]: Navigated to the login page.
2025-05-04 21:26:01 [INFO]: Filling email information: hinjewadi, pune, Maharashta, 411057, INDIA
2025-05-04 21:26:01 [INFO]: Filling user information: neelam123, test123
2025-05-04 21:26:02 [INFO]: Email information filled successfully.
2025-05-04 21:26:06 [INFO]: Closing the browser...
2025-05-04 21:26:07 [INFO]: Browser closed successfully.
2025-05-04 21:26:07 [INFO]: Closing the browser...
2025-05-04 21:26:07 [INFO]: Browser closed successfully.
2025-05-04 21:30:02 [INFO]: Launching the browser...
2025-05-04 21:30:04 [INFO]: Browser launched successfully.
2025-05-04 21:30:04 [INFO]: Launching the browser...
2025-05-04 21:30:06 [INFO]: Browser launched successfully.
2025-05-04 21:30:06 [INFO]: Navigating to the login page...
2025-05-04 21:30:11 [INFO]: Navigating to the login page...
2025-05-04 21:30:13 [INFO]: Navigated to the login page.
2025-05-04 21:30:13 [INFO]: Navigated to the login page.
2025-05-04 21:30:13 [INFO]: Filling email information: hinjewadi, pune, Maharashta, 411057, INDIA
2025-05-04 21:30:13 [INFO]: Filling user information: neelam123, test123
2025-05-04 21:30:14 [INFO]: Email information filled successfully.
2025-05-04 21:30:18 [INFO]: Closing the browser...
2025-05-04 21:30:19 [INFO]: Browser closed successfully.
2025-05-04 21:30:19 [INFO]: Closing the browser...
2025-05-04 21:30:19 [INFO]: Browser closed successfully.
2025-05-04 21:34:53 [INFO]: Launching the browser...
2025-05-04 21:34:56 [INFO]: Browser launched successfully.
2025-05-04 21:34:56 [INFO]: Launching the browser...
2025-05-04 21:35:00 [INFO]: Browser launched successfully.
2025-05-04 21:35:00 [INFO]: Navigating to the login page...
2025-05-04 21:35:05 [INFO]: Closing the browser...
2025-05-04 21:35:05 [INFO]: Browser closed successfully.
2025-05-04 21:35:05 [INFO]: Closing the browser...
2025-05-04 21:35:05 [INFO]: Browser closed successfully.
2025-05-04 21:38:22 [INFO]: Launching the browser...
2025-05-04 21:38:25 [INFO]: Browser launched successfully.
2025-05-04 21:38:25 [INFO]: Launching the browser...
2025-05-04 21:38:28 [INFO]: Browser launched successfully.
2025-05-04 21:38:28 [INFO]: Navigating to the login page...
2025-05-04 21:38:33 [INFO]: Navigated to the login page.
2025-05-04 21:38:35 [INFO]: Navigating to the login page...
2025-05-04 21:38:37 [INFO]: Navigated to the login page.
2025-05-04 21:38:37 [INFO]: Filling contact information: testuser1, pass123, 19090, test@gmail.com
2025-05-04 21:38:38 [INFO]: Contact information filled successfully.
2025-05-04 21:38:38 [INFO]: Filling email information: hinjewadi, pune, Maharashta, 411057, INDIA
2025-05-04 21:38:38 [INFO]: Email information filled successfully.
2025-05-04 21:38:38 [INFO]: Closing the browser...
2025-05-04 21:38:39 [INFO]: Browser closed successfully.
2025-05-04 21:38:39 [INFO]: Closing the browser...
2025-05-04 21:38:39 [INFO]: Browser closed successfully.
2025-05-04 21:39:30 [INFO]: Launching the browser...
2025-05-04 21:39:33 [INFO]: Browser launched successfully.
2025-05-04 21:39:33 [INFO]: Launching the browser...
2025-05-04 21:39:36 [INFO]: Browser launched successfully.
2025-05-04 21:39:36 [INFO]: Navigating to the login page...
2025-05-04 21:39:40 [INFO]: Navigated to the login page.
2025-05-04 21:39:42 [INFO]: Navigating to the login page...
2025-05-04 21:39:43 [INFO]: Navigated to the login page.
2025-05-04 21:39:43 [INFO]: Filling contact information: testuser1, pass123, 19090, test@gmail.com
2025-05-04 21:39:44 [INFO]: Contact information filled successfully.
2025-05-04 21:39:44 [INFO]: Filling email information: hinjewadi, pune, Maharashta, 411057, INDIA
2025-05-04 21:39:44 [INFO]: Email information filled successfully.
2025-05-04 21:39:44 [INFO]: Closing the browser...
2025-05-04 21:39:45 [INFO]: Browser closed successfully.
2025-05-04 21:39:45 [INFO]: Closing the browser...
2025-05-04 21:39:45 [INFO]: Browser closed successfully.
2025-05-10 20:50:02 [INFO]: Launching the browser...
2025-05-10 20:50:06 [INFO]: Browser launched successfully.
2025-05-10 20:50:06 [INFO]: Launching the browser...
2025-05-10 20:50:08 [INFO]: Browser launched successfully.
2025-05-10 20:50:08 [INFO]: Launching the browser...
2025-05-10 20:50:11 [INFO]: Browser launched successfully.
2025-05-10 20:50:11 [INFO]: Navigating to the login page...
2025-05-10 20:50:14 [INFO]: Navigated to the login page.
2025-05-10 20:50:16 [INFO]: Navigating to the login page...
2025-05-10 20:50:17 [INFO]: Navigated to the login page.
2025-05-10 20:50:18 [INFO]: Filling contact information: testuser1, pass123, 19090, test@gmail.com
2025-05-10 20:50:18 [INFO]: Contact information filled successfully.
2025-05-10 20:50:18 [INFO]: Filling email information: hinjewadi, pune, Maharashta, 411057, INDIA
2025-05-10 20:50:18 [INFO]: Email information filled successfully.
2025-05-10 20:50:19 [INFO]: Closing the browser...
2025-05-10 20:50:20 [INFO]: Browser closed successfully.
2025-05-10 20:50:20 [INFO]: Closing the browser...
2025-05-10 20:50:20 [INFO]: Browser closed successfully.
2025-05-10 20:50:46 [INFO]: Launching the browser...
2025-05-10 20:50:49 [INFO]: Browser launched successfully.
2025-05-10 20:50:49 [INFO]: Launching the browser...
2025-05-10 20:50:50 [INFO]: Browser launched successfully.
2025-05-10 20:50:50 [INFO]: Launching the browser...
2025-05-10 20:50:53 [INFO]: Browser launched successfully.
2025-05-10 20:50:53 [INFO]: Navigating to the login page...
2025-05-10 20:50:55 [INFO]: Navigated to the login page.
2025-05-10 20:50:56 [INFO]: Navigating to the login page...
2025-05-10 20:50:57 [INFO]: Navigated to the login page.
2025-05-10 20:50:57 [INFO]: Filling contact information: testuser1, pass123, 19090, test@gmail.com
2025-05-10 20:50:58 [INFO]: Contact information filled successfully.
2025-05-10 20:50:58 [INFO]: Filling email information: hinjewadi, pune, Maharashta, 411057, INDIA
2025-05-10 20:50:58 [INFO]: Email information filled successfully.
2025-05-10 20:50:58 [INFO]: Closing the browser...
2025-05-10 20:50:59 [INFO]: Browser closed successfully.
2025-05-10 20:50:59 [INFO]: Closing the browser...
2025-05-10 20:50:59 [INFO]: Browser closed successfully.
2025-05-10 20:51:17 [INFO]: Launching the browser...
2025-05-10 20:51:19 [INFO]: Browser launched successfully.
2025-05-10 20:51:19 [INFO]: Launching the browser...
2025-05-10 20:51:21 [INFO]: Browser launched successfully.
2025-05-10 20:51:21 [INFO]: Launching the browser...
2025-05-10 20:51:23 [INFO]: Browser launched successfully.
2025-05-10 20:51:23 [INFO]: Navigating to the login page...
2025-05-10 20:51:28 [INFO]: Navigating to the login page...
2025-05-10 20:51:30 [INFO]: Navigated to the login page.
2025-05-10 20:51:30 [INFO]: Navigated to the login page.
2025-05-10 20:51:30 [INFO]: Filling contact information: testuser1, pass123, 19090, test@gmail.com
2025-05-10 20:51:30 [INFO]: Contact information filled successfully.
2025-05-10 20:51:30 [INFO]: Filling email information: hinjewadi, pune, Maharashta, 411057, INDIA
2025-05-10 20:51:30 [INFO]: Email information filled successfully.
2025-05-10 20:51:30 [INFO]: Closing the browser...
2025-05-10 20:51:31 [INFO]: Browser closed successfully.
2025-05-10 20:51:31 [INFO]: Closing the browser...
2025-05-10 20:54:18 [INFO]: Launching the browser...
2025-05-10 20:54:21 [INFO]: Browser launched successfully.
2025-05-10 20:54:21 [INFO]: Launching the browser...
2025-05-10 20:54:23 [INFO]: Browser launched successfully.
2025-05-10 20:54:23 [INFO]: Launching the browser...
2025-05-10 20:54:26 [INFO]: Browser launched successfully.
2025-05-10 20:54:26 [INFO]: Navigating to the login page...
2025-05-10 20:54:31 [INFO]: Navigating to the login page...
2025-05-10 20:54:34 [INFO]: Navigated to the login page.
2025-05-10 20:54:35 [INFO]: Navigated to the login page.
2025-05-10 20:54:35 [INFO]: Filling contact information: testuser1, pass123, 19090, test@gmail.com
2025-05-10 20:54:36 [INFO]: Contact information filled successfully.
2025-05-10 20:54:36 [INFO]: Filling email information: hinjewadi, pune, Maharashta, 411057, INDIA
2025-05-10 20:54:36 [INFO]: Email information filled successfully.
2025-05-10 20:54:36 [INFO]: Closing the browser...
2025-05-10 20:54:37 [INFO]: Browser closed successfully.
2025-05-10 20:54:37 [INFO]: Closing the browser...
2025-05-10 20:54:37 [INFO]: Browser closed successfully.
2025-05-10 20:55:23 [INFO]: Launching the browser...
2025-05-10 20:55:25 [INFO]: Browser launched successfully.
2025-05-10 20:55:25 [INFO]: Launching the browser...
2025-05-10 20:55:27 [INFO]: Browser launched successfully.
2025-05-10 20:55:27 [INFO]: Launching the browser...
2025-05-10 20:55:30 [INFO]: Browser launched successfully.
2025-05-10 20:55:31 [INFO]: Closing the browser...
2025-05-10 20:55:32 [INFO]: Browser closed successfully.
2025-05-10 20:55:32 [INFO]: Closing the browser...
2025-05-10 20:55:32 [INFO]: Browser closed successfully.
2025-05-10 20:56:55 [INFO]: Launching the browser...
2025-05-10 20:56:57 [INFO]: Browser launched successfully.
2025-05-10 20:56:57 [INFO]: Launching the browser...
2025-05-10 20:56:59 [INFO]: Browser launched successfully.
2025-05-10 20:56:59 [INFO]: Launching the browser...
2025-05-10 20:57:01 [INFO]: Browser launched successfully.
2025-05-10 20:57:01 [INFO]: Closing the browser...
2025-05-10 20:57:02 [INFO]: Browser closed successfully.
2025-05-10 20:57:02 [INFO]: Closing the browser...
2025-05-10 20:57:02 [INFO]: Browser closed successfully.
2025-05-10 20:57:34 [INFO]: Launching the browser...
2025-05-10 20:57:36 [INFO]: Browser launched successfully.
2025-05-10 20:57:36 [INFO]: Launching the browser...
2025-05-10 20:57:38 [INFO]: Browser launched successfully.
2025-05-10 20:57:38 [INFO]: Launching the browser...
2025-05-10 20:57:41 [INFO]: Browser launched successfully.
2025-05-10 20:57:41 [INFO]: Closing the browser...
2025-05-10 20:57:42 [INFO]: Browser closed successfully.
2025-05-10 20:57:42 [INFO]: Closing the browser...
2025-05-10 20:57:42 [INFO]: Browser closed successfully.
2025-05-10 20:58:26 [INFO]: Launching the browser...
2025-05-10 20:58:28 [INFO]: Browser launched successfully.
2025-05-10 20:58:28 [INFO]: Launching the browser...
2025-05-10 20:58:30 [INFO]: Browser launched successfully.
2025-05-10 20:58:30 [INFO]: Launching the browser...
2025-05-10 20:58:33 [INFO]: Browser launched successfully.
2025-05-10 20:58:33 [INFO]: Closing the browser...
2025-05-10 20:58:34 [INFO]: Browser closed successfully.
2025-05-10 20:58:34 [INFO]: Closing the browser...
2025-05-10 20:58:34 [INFO]: Browser closed successfully.
2025-05-10 21:01:18 [INFO]: Launching the browser...
2025-05-10 21:01:21 [INFO]: Browser launched successfully.
2025-05-10 21:01:21 [INFO]: Launching the browser...
2025-05-10 21:01:23 [INFO]: Browser launched successfully.
2025-05-10 21:01:23 [INFO]: Launching the browser...
2025-05-10 21:01:25 [INFO]: Browser launched successfully.
2025-05-10 21:01:26 [INFO]: Closing the browser...
2025-05-10 21:01:27 [INFO]: Browser closed successfully.
2025-05-10 21:01:27 [INFO]: Closing the browser...
2025-05-10 21:01:27 [INFO]: Browser closed successfully.
2025-05-10 21:06:13 [INFO]: Launching the browser...
2025-05-10 21:06:17 [INFO]: Browser launched successfully.
2025-05-10 21:06:17 [INFO]: Launching the browser...
2025-05-10 21:06:19 [INFO]: Browser launched successfully.
2025-05-10 21:06:19 [INFO]: Launching the browser...
2025-05-10 21:06:21 [INFO]: Browser launched successfully.
2025-05-10 21:06:22 [INFO]: Navigating to the login page...
2025-05-10 21:06:24 [INFO]: Navigated to the login page.
2025-05-10 21:06:26 [INFO]: Navigating to the login page...
2025-05-10 21:06:28 [INFO]: Navigated to the login page.
2025-05-10 21:06:28 [INFO]: Filling contact information: testuser1, pass123, 19090, test@gmail.com
2025-05-10 21:06:29 [INFO]: Contact information filled successfully.
2025-05-10 21:06:29 [INFO]: Filling email information: hinjewadi, pune, Maharashta, 411057, INDIA
2025-05-10 21:06:29 [INFO]: Email information filled successfully.
2025-05-10 21:06:29 [INFO]: Closing the browser...
2025-05-10 21:06:30 [INFO]: Browser closed successfully.
2025-05-10 21:06:30 [INFO]: Closing the browser...
2025-05-10 21:20:02 [INFO]: Launching the browser...
2025-05-10 21:20:07 [INFO]: Browser launched successfully.
2025-05-10 21:20:07 [INFO]: Launching the browser...
2025-05-10 21:20:12 [INFO]: Browser launched successfully.
2025-05-10 21:20:12 [INFO]: Launching the browser...
2025-05-10 21:20:17 [INFO]: Browser launched successfully.
2025-05-10 21:20:17 [INFO]: Closing the browser...
2025-05-10 21:20:19 [INFO]: Browser closed successfully.
2025-05-10 21:20:19 [INFO]: Closing the browser...
2025-05-10 21:20:19 [INFO]: Browser closed successfully.
2025-05-10 21:25:29 [INFO]: Launching the browser...
2025-05-10 21:25:32 [INFO]: Browser launched successfully.
2025-05-10 21:25:32 [INFO]: Launching the browser...
2025-05-10 21:25:34 [INFO]: Browser launched successfully.
2025-05-10 21:25:34 [INFO]: Launching the browser...
2025-05-10 21:25:36 [INFO]: Browser launched successfully.
2025-05-10 21:25:36 [INFO]: Closing the browser...
2025-05-10 21:25:38 [INFO]: Browser closed successfully.
2025-05-10 21:25:38 [INFO]: Closing the browser...
2025-05-10 21:25:38 [INFO]: Browser closed successfully.
2025-05-10 21:27:34 [INFO]: Launching the browser...
2025-05-10 21:27:36 [INFO]: Browser launched successfully.
2025-05-10 21:27:36 [INFO]: Launching the browser...
2025-05-10 21:27:38 [INFO]: Browser launched successfully.
2025-05-10 21:27:38 [INFO]: Launching the browser...
2025-05-10 21:27:40 [INFO]: Browser launched successfully.
2025-05-10 21:27:40 [INFO]: Navigating to the login page...
2025-05-10 21:27:43 [INFO]: Navigated to the login page.
2025-05-10 21:27:45 [INFO]: Navigating to the login page...
2025-05-10 21:27:46 [INFO]: Navigated to the login page.
2025-05-10 21:27:46 [INFO]: Filling contact information: testuser1, pass123, 19090, test@gmail.com
2025-05-10 21:27:47 [INFO]: Contact information filled successfully.
2025-05-10 21:27:47 [INFO]: Filling email information: hinjewadi, pune, Maharashta, 411057, INDIA
2025-05-10 21:27:47 [INFO]: Email information filled successfully.
2025-05-10 21:27:47 [INFO]: Closing the browser...
2025-05-10 21:27:48 [INFO]: Browser closed successfully.
2025-05-10 21:27:48 [INFO]: Closing the browser...
2025-05-10 21:43:03 [INFO]: Launching the browser...
2025-05-10 21:43:06 [INFO]: Browser launched successfully.
2025-05-10 21:43:06 [INFO]: Launching the browser...
2025-05-10 21:43:08 [INFO]: Browser launched successfully.
2025-05-10 21:43:08 [INFO]: Launching the browser...
2025-05-10 21:43:10 [INFO]: Browser launched successfully.
2025-05-10 21:43:10 [INFO]: Navigating to the login page...
2025-05-10 21:43:13 [INFO]: Navigated to the login page.
2025-05-10 21:43:15 [INFO]: Navigating to the login page...
2025-05-10 21:43:16 [INFO]: Navigated to the login page.
2025-05-10 21:43:16 [INFO]: Filling contact information: testuser1, pass123, 19090, test@gmail.com
2025-05-10 21:43:17 [INFO]: Contact information filled successfully.
2025-05-10 21:43:17 [INFO]: Filling email information: hinjewadi, pune, Maharashta, 411057, INDIA
2025-05-10 21:43:17 [INFO]: Email information filled successfully.
2025-05-10 21:43:17 [INFO]: Closing the browser...
2025-05-10 21:43:18 [INFO]: Browser closed successfully.
2025-05-10 21:43:18 [INFO]: Closing the browser...
2025-05-10 21:43:18 [INFO]: Browser closed successfully.
2025-05-10 21:44:10 [INFO]: Launching the browser...
2025-05-10 21:44:12 [INFO]: Browser launched successfully.
2025-05-10 21:44:12 [INFO]: Launching the browser...
2025-05-10 21:44:13 [INFO]: Browser launched successfully.
2025-05-10 21:44:14 [INFO]: Launching the browser...
2025-05-10 21:44:16 [INFO]: Browser launched successfully.
2025-05-10 21:44:16 [INFO]: Navigating to the login page...
2025-05-10 21:44:19 [INFO]: Navigated to the login page.
2025-05-10 21:44:21 [INFO]: Navigating to the login page...
2025-05-10 21:44:23 [INFO]: Navigated to the login page.
2025-05-10 21:44:23 [INFO]: Filling contact information: testuser1, pass123, 19090, test@gmail.com
2025-05-10 21:44:23 [INFO]: Contact information filled successfully.
2025-05-10 21:44:23 [INFO]: Filling email information: hinjewadi, pune, Maharashta, 411057, INDIA
2025-05-10 21:44:24 [INFO]: Email information filled successfully.
2025-05-10 21:44:24 [INFO]: Closing the browser...
2025-05-10 21:44:24 [INFO]: Browser closed successfully.
2025-05-10 21:44:24 [INFO]: Closing the browser...
2025-05-10 21:44:24 [INFO]: Browser closed successfully.
2025-05-10 21:44:55 [INFO]: Launching the browser...
2025-05-10 21:44:57 [INFO]: Browser launched successfully.
2025-05-10 21:44:57 [INFO]: Launching the browser...
2025-05-10 21:44:59 [INFO]: Browser launched successfully.
2025-05-10 21:44:59 [INFO]: Launching the browser...
2025-05-10 21:45:00 [INFO]: Browser launched successfully.
2025-05-10 21:45:01 [INFO]: Navigating to the login page...
2025-05-10 21:45:04 [INFO]: Navigated to the login page.
2025-05-10 21:45:08 [INFO]: Navigating to the login page...
2025-05-10 21:45:09 [INFO]: Filling email information: hinjewadi, pune, Maharashta, 411057, INDIA
2025-05-10 21:45:10 [INFO]: Closing the browser...
2025-05-10 21:45:10 [INFO]: Browser closed successfully.
2025-05-10 21:45:10 [INFO]: Closing the browser...
2025-05-10 21:45:10 [INFO]: Browser closed successfully.
2025-05-10 21:45:20 [INFO]: Launching the browser...
2025-05-10 21:45:22 [INFO]: Browser launched successfully.
2025-05-10 21:45:22 [INFO]: Launching the browser...
2025-05-10 21:45:24 [INFO]: Browser launched successfully.
2025-05-10 21:45:24 [INFO]: Launching the browser...
2025-05-10 21:45:25 [INFO]: Browser launched successfully.
2025-05-10 21:45:25 [INFO]: Navigating to the login page...
2025-05-10 21:45:28 [INFO]: Navigated to the login page.
2025-05-10 21:45:30 [INFO]: Navigating to the login page...
2025-05-10 21:45:31 [INFO]: Navigated to the login page.
2025-05-10 21:45:31 [INFO]: Filling contact information: testuser1, pass123, 19090, test@gmail.com
2025-05-10 21:45:32 [INFO]: Contact information filled successfully.
2025-05-10 21:45:32 [INFO]: Filling email information: hinjewadi, pune, Maharashta, 411057, INDIA
2025-05-10 21:45:32 [INFO]: Email information filled successfully.
2025-05-10 21:45:32 [INFO]: Closing the browser...
2025-05-10 21:45:33 [INFO]: Browser closed successfully.
2025-05-10 21:45:33 [INFO]: Closing the browser...
2025-05-10 21:45:33 [INFO]: Browser closed successfully.
2025-05-10 23:39:29 [INFO]: Launching the browser...
2025-05-10 23:39:33 [INFO]: Browser launched successfully.
2025-05-10 23:39:33 [INFO]: Launching the browser...
2025-05-10 23:39:35 [INFO]: Browser launched successfully.
2025-05-10 23:39:35 [INFO]: Launching the browser...
2025-05-10 23:39:39 [INFO]: Browser launched successfully.
2025-05-10 23:39:39 [INFO]: Navigating to the login page...
2025-05-10 23:39:43 [INFO]: Navigated to the login page.
2025-05-10 23:39:45 [INFO]: Navigating to the login page...
2025-05-10 23:39:48 [INFO]: Navigated to the login page.
2025-05-10 23:39:48 [INFO]: Filling contact information: testuser1, pass123, 19090, test@gmail.com
2025-05-10 23:39:49 [INFO]: Contact information filled successfully.
2025-05-10 23:39:49 [INFO]: Closing the browser...
2025-05-10 23:39:50 [INFO]: Browser closed successfully.
2025-05-10 23:39:50 [INFO]: Closing the browser...
2025-05-10 23:39:50 [INFO]: Browser closed successfully.
2025-05-11 20:08:52 [INFO]: Launching the browser...
2025-05-11 20:09:16 [INFO]: Launching the browser...
2025-05-11 20:09:41 [INFO]: Launching the browser...
2025-05-11 20:09:44 [INFO]: Browser launched successfully.
2025-05-11 20:10:53 [INFO]: Launching the browser...
2025-05-11 20:10:56 [INFO]: Browser launched successfully.
2025-05-11 20:10:56 [INFO]: Navigating to the login page...
2025-05-11 20:11:01 [INFO]: User is on the login page.
2025-05-11 20:11:02 [INFO]: Count of radio buttons is 3
2025-05-11 20:11:02 [INFO]: Closing the browser...
2025-05-11 20:11:02 [INFO]: Closing the browser...
2025-05-11 20:11:02 [INFO]: Browser closed successfully.
2025-05-11 20:11:02 [INFO]: Browser closed successfully.
2025-05-11 20:11:14 [INFO]: Launching the browser...
2025-05-11 20:11:17 [INFO]: Browser launched successfully.
2025-05-11 20:11:17 [INFO]: Navigating to the login page...
2025-05-11 20:11:23 [INFO]: Closing the browser...
2025-05-11 20:11:23 [INFO]: Closing the browser...
2025-05-11 20:11:24 [INFO]: Browser closed successfully.
2025-05-11 20:11:24 [INFO]: Browser closed successfully.
2025-05-11 20:14:57 [INFO]: Launching the browser...
2025-05-11 20:15:20 [INFO]: Launching the browser...
2025-05-11 20:15:23 [INFO]: Browser launched successfully.
2025-05-11 20:15:23 [INFO]: Navigating to the login page...
2025-05-11 20:15:29 [INFO]: Closing the browser...
2025-05-11 20:15:29 [INFO]: Closing the browser...
2025-05-11 20:15:31 [INFO]: Browser closed successfully.
2025-05-11 20:15:31 [INFO]: Browser closed successfully.
2025-05-11 20:20:21 [INFO]: Launching the browser...
2025-05-11 20:20:25 [INFO]: Browser launched successfully.
2025-05-11 20:20:25 [INFO]: Navigating to the login page...
2025-05-11 20:20:30 [INFO]: Closing the browser...
2025-05-11 20:20:30 [INFO]: Closing the browser...
2025-05-11 20:20:31 [INFO]: Browser closed successfully.
2025-05-11 20:20:31 [INFO]: Browser closed successfully.
2025-05-11 20:21:29 [INFO]: Launching the browser...
2025-05-11 20:21:32 [INFO]: Browser launched successfully.
2025-05-11 20:21:32 [INFO]: Navigating to the login page...
2025-05-11 20:21:37 [INFO]: User is on the login page.
2025-05-11 20:21:39 [INFO]: Closing the browser...
2025-05-11 20:21:39 [INFO]: Closing the browser...
2025-05-11 20:21:40 [INFO]: Browser closed successfully.
2025-05-11 20:21:40 [INFO]: Browser closed successfully.
2025-05-11 20:22:40 [INFO]: Launching the browser...
2025-05-11 20:22:43 [INFO]: Browser launched successfully.
2025-05-11 20:22:43 [INFO]: Navigating to the login page...
2025-05-11 20:22:48 [INFO]: User is on the login page.
2025-05-11 20:22:49 [INFO]: Closing the browser...
2025-05-11 20:22:50 [INFO]: Closing the browser...
2025-05-11 20:22:52 [INFO]: Browser closed successfully.
2025-05-11 20:22:52 [INFO]: Browser closed successfully.
2025-05-11 20:25:00 [INFO]: Launching the browser...
2025-05-11 20:25:03 [INFO]: Browser launched successfully.
2025-05-11 20:25:03 [INFO]: Navigating to the login page...
2025-05-11 20:25:07 [INFO]: User is on the login page.
2025-05-11 20:25:08 [INFO]: Closing the browser...
2025-05-11 20:25:08 [INFO]: Closing the browser...
2025-05-11 20:25:10 [INFO]: Browser closed successfully.
2025-05-11 20:25:10 [INFO]: Browser closed successfully.
2025-05-11 20:32:57 [INFO]: Launching the browser...
2025-05-11 20:33:01 [INFO]: Browser launched successfully.
2025-05-11 20:33:02 [INFO]: Navigating to the login page...
2025-05-11 20:33:06 [INFO]: User is on the login page.
2025-05-11 20:33:07 [INFO]: Closing the browser...
2025-05-11 20:33:07 [INFO]: Closing the browser...
2025-05-11 20:33:09 [INFO]: Browser closed successfully.
2025-05-11 20:33:09 [INFO]: Browser closed successfully.
2025-05-11 20:34:04 [INFO]: Launching the browser...
2025-05-11 20:34:08 [INFO]: Browser launched successfully.
2025-05-11 20:34:08 [INFO]: Navigating to the login page...
2025-05-11 20:34:13 [INFO]: Closing the browser...
2025-05-11 20:34:13 [INFO]: Closing the browser...
2025-05-11 20:34:14 [INFO]: Browser closed successfully.
2025-05-11 20:34:14 [INFO]: Browser closed successfully.
2025-05-11 20:34:36 [INFO]: Launching the browser...
2025-05-11 20:34:39 [INFO]: Browser launched successfully.
2025-05-11 20:34:39 [INFO]: Navigating to the login page...
2025-05-11 20:34:44 [INFO]: User is on the login page.
2025-05-11 20:34:44 [INFO]: Closing the browser...
2025-05-11 20:34:44 [INFO]: Closing the browser...
2025-05-11 20:34:46 [INFO]: Browser closed successfully.
2025-05-11 20:34:46 [INFO]: Browser closed successfully.
2025-05-11 20:35:29 [INFO]: Launching the browser...
2025-05-11 20:35:32 [INFO]: Browser launched successfully.
2025-05-11 20:35:32 [INFO]: Navigating to the login page...
2025-05-11 20:35:37 [INFO]: User is on the login page.
2025-05-11 20:35:37 [INFO]: Closing the browser...
2025-05-11 20:35:37 [INFO]: Closing the browser...
2025-05-11 20:35:39 [INFO]: Browser closed successfully.
2025-05-11 20:35:39 [INFO]: Browser closed successfully.
2025-05-11 20:36:17 [INFO]: Launching the browser...
2025-05-11 20:36:19 [INFO]: Browser launched successfully.
2025-05-11 20:36:19 [INFO]: Navigating to the login page...
2025-05-11 20:36:24 [INFO]: Closing the browser...
2025-05-11 20:36:24 [INFO]: Closing the browser...
2025-05-11 20:36:26 [INFO]: Browser closed successfully.
2025-05-11 20:36:26 [INFO]: Browser closed successfully.
2025-05-11 20:36:39 [INFO]: Launching the browser...
2025-05-11 20:36:41 [INFO]: Browser launched successfully.
2025-05-11 20:36:41 [INFO]: Navigating to the login page...
2025-05-11 20:36:46 [INFO]: Closing the browser...
2025-05-11 20:36:46 [INFO]: Closing the browser...
2025-05-11 20:36:47 [INFO]: User is on the login page.
2025-05-11 20:36:48 [INFO]: Browser closed successfully.
2025-05-11 20:36:48 [INFO]: Browser closed successfully.
2025-05-11 20:37:26 [INFO]: Launching the browser...
2025-05-11 20:37:28 [INFO]: Browser launched successfully.
2025-05-11 20:37:28 [INFO]: Navigating to the login page...
2025-05-11 20:37:33 [INFO]: User is on the login page.
2025-05-11 20:37:34 [INFO]: Closing the browser...
2025-05-11 20:37:34 [INFO]: Closing the browser...
2025-05-11 20:37:36 [INFO]: Browser closed successfully.
2025-05-11 20:37:36 [INFO]: Browser closed successfully.
2025-05-11 20:39:24 [INFO]: Launching the browser...
2025-05-11 20:39:26 [INFO]: Browser launched successfully.
2025-05-11 20:39:26 [INFO]: Navigating to the login page...
2025-05-11 20:39:31 [INFO]: User is on the login page.
2025-05-11 20:39:31 [INFO]: Closing the browser...
2025-05-11 20:39:31 [INFO]: Closing the browser...
2025-05-11 20:39:32 [INFO]: Browser closed successfully.
2025-05-11 20:39:33 [INFO]: Browser closed successfully.
2025-05-11 20:42:15 [INFO]: Launching the browser...
2025-05-11 20:42:17 [INFO]: Browser launched successfully.
2025-05-11 20:42:17 [INFO]: Navigating to the login page...
2025-05-11 20:42:22 [INFO]: Closing the browser...
2025-05-11 20:42:22 [INFO]: Closing the browser...
2025-05-11 20:42:24 [INFO]: Browser closed successfully.
2025-05-11 20:42:24 [INFO]: Browser closed successfully.
2025-05-11 20:42:45 [INFO]: Launching the browser...
2025-05-11 20:42:47 [INFO]: Browser launched successfully.
2025-05-11 20:42:47 [INFO]: Navigating to the login page...
2025-05-11 20:42:52 [INFO]: User is on the login page.
2025-05-11 20:42:54 [INFO]: Closing the browser...
2025-05-11 20:42:54 [INFO]: Closing the browser...
2025-05-11 20:42:56 [INFO]: Browser closed successfully.
2025-05-11 20:42:56 [INFO]: Browser closed successfully.
2025-05-11 20:53:37 [INFO]: Launching the browser...
2025-05-11 20:53:41 [INFO]: Browser launched successfully.
2025-05-11 20:53:41 [INFO]: Navigating to the login page...
2025-05-11 20:53:45 [INFO]: User is on the login page.
2025-05-11 20:53:47 [INFO]: Closing the browser...
2025-05-11 20:53:47 [INFO]: Closing the browser...
2025-05-11 20:53:48 [INFO]: Browser closed successfully.
2025-05-11 20:53:48 [INFO]: Browser closed successfully.
2025-05-11 20:56:48 [INFO]: Launching the browser...
2025-05-11 20:56:51 [INFO]: Browser launched successfully.
2025-05-11 20:56:51 [INFO]: Navigating to the login page...
2025-05-11 20:56:56 [INFO]: Closing the browser...
2025-05-11 20:56:56 [INFO]: Closing the browser...
2025-05-11 20:56:56 [INFO]: User is on the login page.
2025-05-11 20:56:58 [INFO]: Browser closed successfully.
2025-05-11 20:56:58 [INFO]: Browser closed successfully.
2025-05-11 20:57:08 [INFO]: Launching the browser...
2025-05-11 20:57:10 [INFO]: Browser launched successfully.
2025-05-11 20:57:10 [INFO]: Navigating to the login page...
2025-05-11 20:57:14 [INFO]: User is on the login page.
2025-05-11 20:57:16 [INFO]: Closing the browser...
2025-05-11 20:57:16 [INFO]: Closing the browser...
2025-05-11 20:57:17 [INFO]: Browser closed successfully.
2025-05-11 20:57:17 [INFO]: Browser closed successfully.
2025-05-11 21:01:29 [INFO]: Launching the browser...
2025-05-11 21:01:33 [INFO]: Browser launched successfully.
2025-05-11 21:01:33 [INFO]: Navigating to the login page...
2025-05-11 21:01:38 [INFO]: Navigating to the login page...
2025-05-11 21:01:41 [INFO]: User is on the login page.
2025-05-11 21:01:41 [INFO]: User is on the login page.
2025-05-11 21:01:42 [INFO]: Navigating to the login page...
2025-05-11 21:01:45 [INFO]: User is on the login page.
2025-05-11 21:01:46 [INFO]: Closing the browser...
2025-05-11 21:01:46 [INFO]: Closing the browser...
2025-05-11 21:01:48 [INFO]: Browser closed successfully.
2025-05-11 21:01:48 [INFO]: Browser closed successfully.
2025-05-11 21:03:06 [INFO]: Launching the browser...
2025-05-11 21:03:08 [INFO]: Browser launched successfully.
2025-05-11 21:03:08 [INFO]: Navigating to the login page...
2025-05-11 21:03:14 [INFO]: Navigating to the login page...
2025-05-11 21:03:16 [INFO]: User is on the login page.
2025-05-11 21:03:16 [INFO]: User is on the login page.
2025-05-11 21:03:17 [INFO]: Navigating to the login page...
2025-05-11 21:03:19 [INFO]: User is on the login page.
2025-05-11 21:03:21 [INFO]: Closing the browser...
2025-05-11 21:03:21 [INFO]: Closing the browser...
2025-05-11 21:03:22 [INFO]: Browser closed successfully.
2025-05-11 21:03:22 [INFO]: Browser closed successfully.
2025-05-11 21:04:47 [INFO]: Launching the browser...
2025-05-11 21:04:49 [INFO]: Browser launched successfully.
2025-05-11 21:04:49 [INFO]: Navigating to the login page...
2025-05-11 21:04:54 [INFO]: User is on the login page.
2025-05-11 21:04:56 [INFO]: Navigating to the login page...
2025-05-11 21:04:58 [INFO]: User is on the login page.
2025-05-11 21:05:00 [INFO]: Navigating to the login page...
2025-05-11 21:05:03 [INFO]: User is on the login page.
2025-05-11 21:05:04 [INFO]: Closing the browser...
2025-05-11 21:05:04 [INFO]: Closing the browser...
2025-05-11 21:05:06 [INFO]: Browser closed successfully.
2025-05-11 21:05:06 [INFO]: Browser closed successfully.
2025-05-11 21:11:47 [INFO]: Launching the browser...
2025-05-11 21:11:50 [INFO]: Browser launched successfully.
2025-05-11 21:11:50 [INFO]: Navigating to the login page...
2025-05-11 21:11:55 [INFO]: Navigating to the login page...
2025-05-11 21:11:57 [INFO]: User is on the login page.
2025-05-11 21:11:57 [INFO]: User is on the login page.
2025-05-11 21:11:58 [INFO]: Navigating to the login page...
2025-05-11 21:12:01 [INFO]: User is on the login page.
2025-05-11 21:12:01 [INFO]: Closing the browser...
2025-05-11 21:12:01 [INFO]: Closing the browser...
2025-05-11 21:12:02 [INFO]: Browser closed successfully.
2025-05-11 21:12:02 [INFO]: Browser closed successfully.
2025-05-11 21:12:43 [INFO]: Launching the browser...
2025-05-11 21:12:46 [INFO]: Browser launched successfully.
2025-05-11 21:12:46 [INFO]: Navigating to the login page...
2025-05-11 21:12:50 [INFO]: User is on the login page.
2025-05-11 21:12:51 [INFO]: Closing the browser...
2025-05-11 21:12:51 [INFO]: Closing the browser...
2025-05-11 21:12:52 [INFO]: Browser closed successfully.
2025-05-11 21:12:52 [INFO]: Browser closed successfully.
2025-05-11 21:14:54 [INFO]: Launching the browser...
2025-05-11 21:14:56 [INFO]: Browser launched successfully.
2025-05-11 21:14:57 [INFO]: Navigating to the login page...
2025-05-11 21:15:01 [INFO]: User is on the login page.
2025-05-11 21:15:03 [INFO]: Closing the browser...
2025-05-11 21:15:03 [INFO]: Closing the browser...
2025-05-11 21:15:05 [INFO]: Browser closed successfully.
2025-05-11 21:15:05 [INFO]: Browser closed successfully.
2025-05-11 21:15:32 [INFO]: Launching the browser...
2025-05-11 21:15:34 [INFO]: Browser launched successfully.
2025-05-11 21:15:34 [INFO]: Navigating to the login page...
2025-05-11 21:15:39 [INFO]: User is on the login page.
2025-05-11 21:15:41 [INFO]: Closing the browser...
2025-05-11 21:15:41 [INFO]: Closing the browser...
2025-05-11 21:15:43 [INFO]: Browser closed successfully.
2025-05-11 21:15:43 [INFO]: Browser closed successfully.
2025-05-11 21:16:32 [INFO]: Launching the browser...
2025-05-11 21:17:11 [INFO]: Launching the browser...
2025-05-11 21:17:13 [INFO]: Browser launched successfully.
2025-05-11 21:17:13 [INFO]: Navigating to the login page...
2025-05-11 21:17:18 [INFO]: User is on the login page.
2025-05-11 21:17:19 [INFO]: Navigating to the login page...
2025-05-11 21:17:21 [INFO]: User is on the login page.
2025-05-11 21:17:22 [INFO]: Navigating to the login page...
2025-05-11 21:17:25 [INFO]: User is on the login page.
2025-05-11 21:17:26 [INFO]: Closing the browser...
2025-05-11 21:17:26 [INFO]: Closing the browser...
2025-05-11 21:17:28 [INFO]: Browser closed successfully.
2025-05-11 21:17:28 [INFO]: Browser closed successfully.
2025-05-11 21:23:07 [INFO]: Launching the browser...
2025-05-11 21:23:12 [INFO]: Browser launched successfully.
2025-05-11 21:23:12 [INFO]: Navigating to the login page...
2025-05-11 21:23:17 [INFO]: User is on the login page.
2025-05-11 21:23:18 [INFO]: Navigating to the login page...
2025-05-11 21:23:19 [INFO]: User is on the login page.
2025-05-11 21:23:19 [INFO]: Navigating to the login page...
2025-05-11 21:23:22 [INFO]: User is on the login page.
2025-05-11 21:23:24 [INFO]: Closing the browser...
2025-05-11 21:23:24 [INFO]: Closing the browser...
2025-05-11 21:23:25 [INFO]: Browser closed successfully.
2025-05-11 21:23:25 [INFO]: Browser closed successfully.
2025-05-11 21:24:00 [INFO]: Launching the browser...
2025-05-11 21:24:03 [INFO]: Browser launched successfully.
2025-05-11 21:24:03 [INFO]: Navigating to the login page...
2025-05-11 21:24:07 [INFO]: User is on the login page.
2025-05-11 21:24:08 [INFO]: Closing the browser...
2025-05-11 21:24:08 [INFO]: Closing the browser...
2025-05-11 21:24:09 [INFO]: Browser closed successfully.
2025-05-11 21:24:09 [INFO]: Browser closed successfully.
2025-05-11 21:26:21 [INFO]: Launching the browser...
2025-05-11 21:26:24 [INFO]: Browser launched successfully.
2025-05-11 21:26:25 [INFO]: Navigating to the login page...
2025-05-11 21:26:30 [INFO]: Closing the browser...
2025-05-11 21:26:30 [INFO]: Closing the browser...
2025-05-11 21:26:32 [INFO]: Browser closed successfully.
2025-05-11 21:26:32 [INFO]: Browser closed successfully.
2025-05-11 21:26:51 [INFO]: Launching the browser...
2025-05-11 21:26:53 [INFO]: Browser launched successfully.
2025-05-11 21:26:54 [INFO]: Navigating to the login page...
2025-05-11 21:26:58 [INFO]: User is on the login page.
2025-05-11 21:26:59 [INFO]: Closing the browser...
2025-05-11 21:26:59 [INFO]: Closing the browser...
2025-05-11 21:27:00 [INFO]: Browser closed successfully.
2025-05-11 21:27:00 [INFO]: Browser closed successfully.
2025-05-11 21:28:14 [INFO]: Launching the browser...
2025-05-11 21:28:15 [INFO]: Browser launched successfully.
2025-05-11 21:28:15 [INFO]: Navigating to the login page...
2025-05-11 21:28:19 [INFO]: User is on the login page.
2025-05-11 21:28:24 [INFO]: Navigating to the login page...
2025-05-11 21:28:27 [INFO]: User is on the login page.
2025-05-11 21:28:32 [INFO]: Navigating to the login page...
2025-05-11 21:28:34 [INFO]: User is on the login page.
2025-05-11 21:28:39 [INFO]: Closing the browser...
2025-05-11 21:28:39 [INFO]: Closing the browser...
2025-05-11 21:28:40 [INFO]: Browser closed successfully.
2025-05-11 21:28:40 [INFO]: Browser closed successfully.
2025-05-11 21:29:12 [INFO]: Launching the browser...
2025-05-11 21:29:14 [INFO]: Browser launched successfully.
2025-05-11 21:29:15 [INFO]: Navigating to the login page...
2025-05-11 21:29:20 [INFO]: User is on the login page.
2025-05-11 21:29:25 [INFO]: Navigating to the login page...
2025-05-11 21:29:27 [INFO]: User is on the login page.
2025-05-11 21:29:32 [INFO]: Navigating to the login page...
2025-05-11 21:29:33 [INFO]: User is on the login page.
2025-05-11 21:29:39 [INFO]: Closing the browser...
2025-05-11 21:29:39 [INFO]: Closing the browser...
2025-05-11 21:29:40 [INFO]: Browser closed successfully.
2025-05-11 21:29:40 [INFO]: Browser closed successfully.
2025-05-11 21:30:01 [INFO]: Launching the browser...
2025-05-11 21:30:04 [INFO]: Browser launched successfully.
2025-05-11 21:30:04 [INFO]: Navigating to the login page...
2025-05-11 21:30:08 [INFO]: User is on the login page.
2025-05-11 21:30:13 [INFO]: Navigating to the login page...
2025-05-11 21:30:16 [INFO]: User is on the login page.
2025-05-11 21:30:21 [INFO]: Navigating to the login page...
2025-05-11 21:30:22 [INFO]: User is on the login page.
2025-05-11 21:30:22 [INFO]: Closing the browser...
2025-05-11 21:30:22 [INFO]: Closing the browser...
2025-05-11 21:32:19 [INFO]: Launching the browser...
2025-05-11 21:32:22 [INFO]: Browser launched successfully.
2025-05-11 21:32:22 [INFO]: Navigating to the login page...
2025-05-11 21:32:27 [INFO]: Navigating to the login page...
2025-05-11 21:32:30 [INFO]: User is on the login page.
2025-05-11 21:32:30 [INFO]: User is on the login page.
2025-05-11 21:32:35 [INFO]: Navigating to the login page...
2025-05-11 21:32:37 [INFO]: User is on the login page.
2025-05-11 21:32:42 [INFO]: Closing the browser...
2025-05-11 21:32:42 [INFO]: Closing the browser...
2025-05-11 21:32:43 [INFO]: Browser closed successfully.
2025-05-11 21:32:43 [INFO]: Browser closed successfully.
